  Source.cpp
C:\Users\Kamil\source\repos\graphics-cw2\Assignment2_Textures\loadimage.h(1,1): warning C4103: alignment changed after including header, may be due to missing #pragma pack(pop)
C:\Users\Kamil\source\repos\graphics-cw2\Assignment2_Textures\Source.cpp(5,1): warning C4103: alignment changed after including header, may be due to missing #pragma pack(pop)
C:\Users\Kamil\source\repos\graphics-cw2\Assignment2_Textures\Source.cpp(146,25): warning C4305: 'argument': truncation from 'double' to 'GLfloat'
C:\Users\Kamil\source\repos\graphics-cw2\Assignment2_Textures\Source.cpp(147,25): warning C4305: 'argument': truncation from 'double' to 'GLfloat'
C:\Users\Kamil\source\repos\graphics-cw2\Assignment2_Textures\Source.cpp(148,25): warning C4305: 'argument': truncation from 'double' to 'GLfloat'
C:\Users\Kamil\source\repos\graphics-cw2\Assignment2_Textures\Source.cpp(150,25): warning C4305: 'argument': truncation from 'double' to 'GLfloat'
C:\Users\Kamil\source\repos\graphics-cw2\Assignment2_Textures\Source.cpp(151,25): warning C4305: 'argument': truncation from 'double' to 'GLfloat'
C:\Users\Kamil\source\repos\graphics-cw2\Assignment2_Textures\Source.cpp(152,25): warning C4305: 'argument': truncation from 'double' to 'GLfloat'
C:\Users\Kamil\source\repos\graphics-cw2\Assignment2_Textures\Source.cpp(155,25): warning C4305: 'argument': truncation from 'double' to 'GLfloat'
C:\Users\Kamil\source\repos\graphics-cw2\Assignment2_Textures\Source.cpp(156,25): warning C4305: 'argument': truncation from 'double' to 'GLfloat'
C:\Users\Kamil\source\repos\graphics-cw2\Assignment2_Textures\Source.cpp(157,25): warning C4305: 'argument': truncation from 'double' to 'GLfloat'
C:\Users\Kamil\source\repos\graphics-cw2\Assignment2_Textures\Source.cpp(159,25): warning C4305: 'argument': truncation from 'double' to 'GLfloat'
C:\Users\Kamil\source\repos\graphics-cw2\Assignment2_Textures\Source.cpp(160,25): warning C4305: 'argument': truncation from 'double' to 'GLfloat'
C:\Users\Kamil\source\repos\graphics-cw2\Assignment2_Textures\Source.cpp(161,25): warning C4305: 'argument': truncation from 'double' to 'GLfloat'
C:\Users\Kamil\source\repos\graphics-cw2\Assignment2_Textures\Source.cpp(164,25): warning C4305: 'argument': truncation from 'double' to 'GLfloat'
C:\Users\Kamil\source\repos\graphics-cw2\Assignment2_Textures\Source.cpp(165,25): warning C4305: 'argument': truncation from 'double' to 'GLfloat'
C:\Users\Kamil\source\repos\graphics-cw2\Assignment2_Textures\Source.cpp(166,25): warning C4305: 'argument': truncation from 'double' to 'GLfloat'
C:\Users\Kamil\source\repos\graphics-cw2\Assignment2_Textures\Source.cpp(168,25): warning C4305: 'argument': truncation from 'double' to 'GLfloat'
C:\Users\Kamil\source\repos\graphics-cw2\Assignment2_Textures\Source.cpp(169,25): warning C4305: 'argument': truncation from 'double' to 'GLfloat'
C:\Users\Kamil\source\repos\graphics-cw2\Assignment2_Textures\Source.cpp(170,25): warning C4305: 'argument': truncation from 'double' to 'GLfloat'
C:\Users\Kamil\source\repos\graphics-cw2\Assignment2_Textures\Source.cpp(173,25): warning C4305: 'argument': truncation from 'double' to 'GLfloat'
C:\Users\Kamil\source\repos\graphics-cw2\Assignment2_Textures\Source.cpp(174,25): warning C4305: 'argument': truncation from 'double' to 'GLfloat'
C:\Users\Kamil\source\repos\graphics-cw2\Assignment2_Textures\Source.cpp(175,25): warning C4305: 'argument': truncation from 'double' to 'GLfloat'
C:\Users\Kamil\source\repos\graphics-cw2\Assignment2_Textures\Source.cpp(177,25): warning C4305: 'argument': truncation from 'double' to 'GLfloat'
C:\Users\Kamil\source\repos\graphics-cw2\Assignment2_Textures\Source.cpp(178,25): warning C4305: 'argument': truncation from 'double' to 'GLfloat'
C:\Users\Kamil\source\repos\graphics-cw2\Assignment2_Textures\Source.cpp(179,25): warning C4305: 'argument': truncation from 'double' to 'GLfloat'
C:\Users\Kamil\source\repos\graphics-cw2\Assignment2_Textures\Source.cpp(182,25): warning C4305: 'argument': truncation from 'double' to 'GLfloat'
C:\Users\Kamil\source\repos\graphics-cw2\Assignment2_Textures\Source.cpp(183,25): warning C4305: 'argument': truncation from 'double' to 'GLfloat'
C:\Users\Kamil\source\repos\graphics-cw2\Assignment2_Textures\Source.cpp(184,25): warning C4305: 'argument': truncation from 'double' to 'GLfloat'
C:\Users\Kamil\source\repos\graphics-cw2\Assignment2_Textures\Source.cpp(186,25): warning C4305: 'argument': truncation from 'double' to 'GLfloat'
C:\Users\Kamil\source\repos\graphics-cw2\Assignment2_Textures\Source.cpp(187,25): warning C4305: 'argument': truncation from 'double' to 'GLfloat'
C:\Users\Kamil\source\repos\graphics-cw2\Assignment2_Textures\Source.cpp(188,25): warning C4305: 'argument': truncation from 'double' to 'GLfloat'
C:\Users\Kamil\source\repos\graphics-cw2\Assignment2_Textures\Source.cpp(191,25): warning C4305: 'argument': truncation from 'double' to 'GLfloat'
C:\Users\Kamil\source\repos\graphics-cw2\Assignment2_Textures\Source.cpp(192,25): warning C4305: 'argument': truncation from 'double' to 'GLfloat'
C:\Users\Kamil\source\repos\graphics-cw2\Assignment2_Textures\Source.cpp(193,25): warning C4305: 'argument': truncation from 'double' to 'GLfloat'
C:\Users\Kamil\source\repos\graphics-cw2\Assignment2_Textures\Source.cpp(195,25): warning C4305: 'argument': truncation from 'double' to 'GLfloat'
C:\Users\Kamil\source\repos\graphics-cw2\Assignment2_Textures\Source.cpp(196,25): warning C4305: 'argument': truncation from 'double' to 'GLfloat'
C:\Users\Kamil\source\repos\graphics-cw2\Assignment2_Textures\Source.cpp(197,25): warning C4305: 'argument': truncation from 'double' to 'GLfloat'
C:\Users\Kamil\source\repos\graphics-cw2\Assignment2_Textures\Source.cpp(206,25): warning C4305: 'argument': truncation from 'double' to 'GLfloat'
C:\Users\Kamil\source\repos\graphics-cw2\Assignment2_Textures\Source.cpp(207,25): warning C4305: 'argument': truncation from 'double' to 'GLfloat'
C:\Users\Kamil\source\repos\graphics-cw2\Assignment2_Textures\Source.cpp(208,25): warning C4305: 'argument': truncation from 'double' to 'GLfloat'
C:\Users\Kamil\source\repos\graphics-cw2\Assignment2_Textures\Source.cpp(210,25): warning C4305: 'argument': truncation from 'double' to 'GLfloat'
C:\Users\Kamil\source\repos\graphics-cw2\Assignment2_Textures\Source.cpp(211,25): warning C4305: 'argument': truncation from 'double' to 'GLfloat'
C:\Users\Kamil\source\repos\graphics-cw2\Assignment2_Textures\Source.cpp(212,25): warning C4305: 'argument': truncation from 'double' to 'GLfloat'
C:\Users\Kamil\source\repos\graphics-cw2\Assignment2_Textures\Source.cpp(215,25): warning C4305: 'argument': truncation from 'double' to 'GLfloat'
C:\Users\Kamil\source\repos\graphics-cw2\Assignment2_Textures\Source.cpp(216,25): warning C4305: 'argument': truncation from 'double' to 'GLfloat'
C:\Users\Kamil\source\repos\graphics-cw2\Assignment2_Textures\Source.cpp(217,25): warning C4305: 'argument': truncation from 'double' to 'GLfloat'
C:\Users\Kamil\source\repos\graphics-cw2\Assignment2_Textures\Source.cpp(219,25): warning C4305: 'argument': truncation from 'double' to 'GLfloat'
C:\Users\Kamil\source\repos\graphics-cw2\Assignment2_Textures\Source.cpp(220,25): warning C4305: 'argument': truncation from 'double' to 'GLfloat'
C:\Users\Kamil\source\repos\graphics-cw2\Assignment2_Textures\Source.cpp(221,25): warning C4305: 'argument': truncation from 'double' to 'GLfloat'
C:\Users\Kamil\source\repos\graphics-cw2\Assignment2_Textures\Source.cpp(224,25): warning C4305: 'argument': truncation from 'double' to 'GLfloat'
C:\Users\Kamil\source\repos\graphics-cw2\Assignment2_Textures\Source.cpp(225,25): warning C4305: 'argument': truncation from 'double' to 'GLfloat'
C:\Users\Kamil\source\repos\graphics-cw2\Assignment2_Textures\Source.cpp(226,25): warning C4305: 'argument': truncation from 'double' to 'GLfloat'
C:\Users\Kamil\source\repos\graphics-cw2\Assignment2_Textures\Source.cpp(228,25): warning C4305: 'argument': truncation from 'double' to 'GLfloat'
C:\Users\Kamil\source\repos\graphics-cw2\Assignment2_Textures\Source.cpp(229,25): warning C4305: 'argument': truncation from 'double' to 'GLfloat'
C:\Users\Kamil\source\repos\graphics-cw2\Assignment2_Textures\Source.cpp(230,25): warning C4305: 'argument': truncation from 'double' to 'GLfloat'
C:\Users\Kamil\source\repos\graphics-cw2\Assignment2_Textures\Source.cpp(233,25): warning C4305: 'argument': truncation from 'double' to 'GLfloat'
C:\Users\Kamil\source\repos\graphics-cw2\Assignment2_Textures\Source.cpp(234,25): warning C4305: 'argument': truncation from 'double' to 'GLfloat'
C:\Users\Kamil\source\repos\graphics-cw2\Assignment2_Textures\Source.cpp(235,25): warning C4305: 'argument': truncation from 'double' to 'GLfloat'
C:\Users\Kamil\source\repos\graphics-cw2\Assignment2_Textures\Source.cpp(237,25): warning C4305: 'argument': truncation from 'double' to 'GLfloat'
C:\Users\Kamil\source\repos\graphics-cw2\Assignment2_Textures\Source.cpp(238,25): warning C4305: 'argument': truncation from 'double' to 'GLfloat'
C:\Users\Kamil\source\repos\graphics-cw2\Assignment2_Textures\Source.cpp(239,25): warning C4305: 'argument': truncation from 'double' to 'GLfloat'
C:\Users\Kamil\source\repos\graphics-cw2\Assignment2_Textures\Source.cpp(242,25): warning C4305: 'argument': truncation from 'double' to 'GLfloat'
C:\Users\Kamil\source\repos\graphics-cw2\Assignment2_Textures\Source.cpp(243,25): warning C4305: 'argument': truncation from 'double' to 'GLfloat'
C:\Users\Kamil\source\repos\graphics-cw2\Assignment2_Textures\Source.cpp(244,25): warning C4305: 'argument': truncation from 'double' to 'GLfloat'
C:\Users\Kamil\source\repos\graphics-cw2\Assignment2_Textures\Source.cpp(246,25): warning C4305: 'argument': truncation from 'double' to 'GLfloat'
C:\Users\Kamil\source\repos\graphics-cw2\Assignment2_Textures\Source.cpp(247,25): warning C4305: 'argument': truncation from 'double' to 'GLfloat'
C:\Users\Kamil\source\repos\graphics-cw2\Assignment2_Textures\Source.cpp(248,25): warning C4305: 'argument': truncation from 'double' to 'GLfloat'
C:\Users\Kamil\source\repos\graphics-cw2\Assignment2_Textures\Source.cpp(251,25): warning C4305: 'argument': truncation from 'double' to 'GLfloat'
C:\Users\Kamil\source\repos\graphics-cw2\Assignment2_Textures\Source.cpp(252,25): warning C4305: 'argument': truncation from 'double' to 'GLfloat'
C:\Users\Kamil\source\repos\graphics-cw2\Assignment2_Textures\Source.cpp(253,25): warning C4305: 'argument': truncation from 'double' to 'GLfloat'
C:\Users\Kamil\source\repos\graphics-cw2\Assignment2_Textures\Source.cpp(255,25): warning C4305: 'argument': truncation from 'double' to 'GLfloat'
C:\Users\Kamil\source\repos\graphics-cw2\Assignment2_Textures\Source.cpp(256,25): warning C4305: 'argument': truncation from 'double' to 'GLfloat'
C:\Users\Kamil\source\repos\graphics-cw2\Assignment2_Textures\Source.cpp(257,25): warning C4305: 'argument': truncation from 'double' to 'GLfloat'
C:\Users\Kamil\source\repos\graphics-cw2\Assignment2_Textures\Source.cpp(265,25): warning C4305: 'argument': truncation from 'double' to 'GLfloat'
C:\Users\Kamil\source\repos\graphics-cw2\Assignment2_Textures\Source.cpp(266,25): warning C4305: 'argument': truncation from 'double' to 'GLfloat'
C:\Users\Kamil\source\repos\graphics-cw2\Assignment2_Textures\Source.cpp(267,25): warning C4305: 'argument': truncation from 'double' to 'GLfloat'
C:\Users\Kamil\source\repos\graphics-cw2\Assignment2_Textures\Source.cpp(269,25): warning C4305: 'argument': truncation from 'double' to 'GLfloat'
C:\Users\Kamil\source\repos\graphics-cw2\Assignment2_Textures\Source.cpp(270,25): warning C4305: 'argument': truncation from 'double' to 'GLfloat'
C:\Users\Kamil\source\repos\graphics-cw2\Assignment2_Textures\Source.cpp(271,25): warning C4305: 'argument': truncation from 'double' to 'GLfloat'
C:\Users\Kamil\source\repos\graphics-cw2\Assignment2_Textures\Source.cpp(274,25): warning C4305: 'argument': truncation from 'double' to 'GLfloat'
C:\Users\Kamil\source\repos\graphics-cw2\Assignment2_Textures\Source.cpp(275,25): warning C4305: 'argument': truncation from 'double' to 'GLfloat'
C:\Users\Kamil\source\repos\graphics-cw2\Assignment2_Textures\Source.cpp(276,25): warning C4305: 'argument': truncation from 'double' to 'GLfloat'
C:\Users\Kamil\source\repos\graphics-cw2\Assignment2_Textures\Source.cpp(278,25): warning C4305: 'argument': truncation from 'double' to 'GLfloat'
C:\Users\Kamil\source\repos\graphics-cw2\Assignment2_Textures\Source.cpp(279,25): warning C4305: 'argument': truncation from 'double' to 'GLfloat'
C:\Users\Kamil\source\repos\graphics-cw2\Assignment2_Textures\Source.cpp(280,25): warning C4305: 'argument': truncation from 'double' to 'GLfloat'
C:\Users\Kamil\source\repos\graphics-cw2\Assignment2_Textures\Source.cpp(283,25): warning C4305: 'argument': truncation from 'double' to 'GLfloat'
C:\Users\Kamil\source\repos\graphics-cw2\Assignment2_Textures\Source.cpp(284,25): warning C4305: 'argument': truncation from 'double' to 'GLfloat'
C:\Users\Kamil\source\repos\graphics-cw2\Assignment2_Textures\Source.cpp(285,25): warning C4305: 'argument': truncation from 'double' to 'GLfloat'
C:\Users\Kamil\source\repos\graphics-cw2\Assignment2_Textures\Source.cpp(287,25): warning C4305: 'argument': truncation from 'double' to 'GLfloat'
C:\Users\Kamil\source\repos\graphics-cw2\Assignment2_Textures\Source.cpp(288,25): warning C4305: 'argument': truncation from 'double' to 'GLfloat'
C:\Users\Kamil\source\repos\graphics-cw2\Assignment2_Textures\Source.cpp(289,25): warning C4305: 'argument': truncation from 'double' to 'GLfloat'
C:\Users\Kamil\source\repos\graphics-cw2\Assignment2_Textures\Source.cpp(292,25): warning C4305: 'argument': truncation from 'double' to 'GLfloat'
C:\Users\Kamil\source\repos\graphics-cw2\Assignment2_Textures\Source.cpp(293,25): warning C4305: 'argument': truncation from 'double' to 'GLfloat'
C:\Users\Kamil\source\repos\graphics-cw2\Assignment2_Textures\Source.cpp(294,25): warning C4305: 'argument': truncation from 'double' to 'GLfloat'
C:\Users\Kamil\source\repos\graphics-cw2\Assignment2_Textures\Source.cpp(296,25): warning C4305: 'argument': truncation from 'double' to 'GLfloat'
C:\Users\Kamil\source\repos\graphics-cw2\Assignment2_Textures\Source.cpp(297,25): warning C4305: 'argument': truncation from 'double' to 'GLfloat'
C:\Users\Kamil\source\repos\graphics-cw2\Assignment2_Textures\Source.cpp(298,25): warning C4305: 'argument': truncation from 'double' to 'GLfloat'
C:\Users\Kamil\source\repos\graphics-cw2\Assignment2_Textures\Source.cpp(301,25): warning C4305: 'argument': truncation from 'double' to 'GLfloat'
C:\Users\Kamil\source\repos\graphics-cw2\Assignment2_Textures\Source.cpp(302,25): warning C4305: 'argument': truncation from 'double' to 'GLfloat'
C:\Users\Kamil\source\repos\graphics-cw2\Assignment2_Textures\Source.cpp(303,25): warning C4305: 'argument': truncation from 'double' to 'GLfloat'
C:\Users\Kamil\source\repos\graphics-cw2\Assignment2_Textures\Source.cpp(305,25): warning C4305: 'argument': truncation from 'double' to 'GLfloat'
C:\Users\Kamil\source\repos\graphics-cw2\Assignment2_Textures\Source.cpp(306,25): warning C4305: 'argument': truncation from 'double' to 'GLfloat'
C:\Users\Kamil\source\repos\graphics-cw2\Assignment2_Textures\Source.cpp(307,25): warning C4305: 'argument': truncation from 'double' to 'GLfloat'
C:\Users\Kamil\source\repos\graphics-cw2\Assignment2_Textures\Source.cpp(310,25): warning C4305: 'argument': truncation from 'double' to 'GLfloat'
C:\Users\Kamil\source\repos\graphics-cw2\Assignment2_Textures\Source.cpp(311,25): warning C4305: 'argument': truncation from 'double' to 'GLfloat'
C:\Users\Kamil\source\repos\graphics-cw2\Assignment2_Textures\Source.cpp(312,25): warning C4305: 'argument': truncation from 'double' to 'GLfloat'
C:\Users\Kamil\source\repos\graphics-cw2\Assignment2_Textures\Source.cpp(314,25): warning C4305: 'argument': truncation from 'double' to 'GLfloat'
C:\Users\Kamil\source\repos\graphics-cw2\Assignment2_Textures\Source.cpp(315,25): warning C4305: 'argument': truncation from 'double' to 'GLfloat'
C:\Users\Kamil\source\repos\graphics-cw2\Assignment2_Textures\Source.cpp(316,25): warning C4305: 'argument': truncation from 'double' to 'GLfloat'
C:\Users\Kamil\source\repos\graphics-cw2\Assignment2_Textures\Source.cpp(324,25): warning C4305: 'argument': truncation from 'double' to 'GLfloat'
C:\Users\Kamil\source\repos\graphics-cw2\Assignment2_Textures\Source.cpp(325,25): warning C4305: 'argument': truncation from 'double' to 'GLfloat'
C:\Users\Kamil\source\repos\graphics-cw2\Assignment2_Textures\Source.cpp(326,25): warning C4305: 'argument': truncation from 'double' to 'GLfloat'
C:\Users\Kamil\source\repos\graphics-cw2\Assignment2_Textures\Source.cpp(328,25): warning C4305: 'argument': truncation from 'double' to 'GLfloat'
C:\Users\Kamil\source\repos\graphics-cw2\Assignment2_Textures\Source.cpp(329,25): warning C4305: 'argument': truncation from 'double' to 'GLfloat'
C:\Users\Kamil\source\repos\graphics-cw2\Assignment2_Textures\Source.cpp(330,25): warning C4305: 'argument': truncation from 'double' to 'GLfloat'
C:\Users\Kamil\source\repos\graphics-cw2\Assignment2_Textures\Source.cpp(333,25): warning C4305: 'argument': truncation from 'double' to 'GLfloat'
C:\Users\Kamil\source\repos\graphics-cw2\Assignment2_Textures\Source.cpp(334,25): warning C4305: 'argument': truncation from 'double' to 'GLfloat'
C:\Users\Kamil\source\repos\graphics-cw2\Assignment2_Textures\Source.cpp(335,25): warning C4305: 'argument': truncation from 'double' to 'GLfloat'
C:\Users\Kamil\source\repos\graphics-cw2\Assignment2_Textures\Source.cpp(337,25): warning C4305: 'argument': truncation from 'double' to 'GLfloat'
C:\Users\Kamil\source\repos\graphics-cw2\Assignment2_Textures\Source.cpp(338,25): warning C4305: 'argument': truncation from 'double' to 'GLfloat'
C:\Users\Kamil\source\repos\graphics-cw2\Assignment2_Textures\Source.cpp(339,25): warning C4305: 'argument': truncation from 'double' to 'GLfloat'
C:\Users\Kamil\source\repos\graphics-cw2\Assignment2_Textures\Source.cpp(342,25): warning C4305: 'argument': truncation from 'double' to 'GLfloat'
C:\Users\Kamil\source\repos\graphics-cw2\Assignment2_Textures\Source.cpp(343,25): warning C4305: 'argument': truncation from 'double' to 'GLfloat'
C:\Users\Kamil\source\repos\graphics-cw2\Assignment2_Textures\Source.cpp(344,25): warning C4305: 'argument': truncation from 'double' to 'GLfloat'
C:\Users\Kamil\source\repos\graphics-cw2\Assignment2_Textures\Source.cpp(346,25): warning C4305: 'argument': truncation from 'double' to 'GLfloat'
C:\Users\Kamil\source\repos\graphics-cw2\Assignment2_Textures\Source.cpp(347,25): warning C4305: 'argument': truncation from 'double' to 'GLfloat'
C:\Users\Kamil\source\repos\graphics-cw2\Assignment2_Textures\Source.cpp(348,25): warning C4305: 'argument': truncation from 'double' to 'GLfloat'
C:\Users\Kamil\source\repos\graphics-cw2\Assignment2_Textures\Source.cpp(351,25): warning C4305: 'argument': truncation from 'double' to 'GLfloat'
C:\Users\Kamil\source\repos\graphics-cw2\Assignment2_Textures\Source.cpp(352,25): warning C4305: 'argument': truncation from 'double' to 'GLfloat'
C:\Users\Kamil\source\repos\graphics-cw2\Assignment2_Textures\Source.cpp(353,25): warning C4305: 'argument': truncation from 'double' to 'GLfloat'
C:\Users\Kamil\source\repos\graphics-cw2\Assignment2_Textures\Source.cpp(355,25): warning C4305: 'argument': truncation from 'double' to 'GLfloat'
C:\Users\Kamil\source\repos\graphics-cw2\Assignment2_Textures\Source.cpp(356,25): warning C4305: 'argument': truncation from 'double' to 'GLfloat'
C:\Users\Kamil\source\repos\graphics-cw2\Assignment2_Textures\Source.cpp(357,25): warning C4305: 'argument': truncation from 'double' to 'GLfloat'
C:\Users\Kamil\source\repos\graphics-cw2\Assignment2_Textures\Source.cpp(360,25): warning C4305: 'argument': truncation from 'double' to 'GLfloat'
C:\Users\Kamil\source\repos\graphics-cw2\Assignment2_Textures\Source.cpp(361,25): warning C4305: 'argument': truncation from 'double' to 'GLfloat'
C:\Users\Kamil\source\repos\graphics-cw2\Assignment2_Textures\Source.cpp(362,25): warning C4305: 'argument': truncation from 'double' to 'GLfloat'
C:\Users\Kamil\source\repos\graphics-cw2\Assignment2_Textures\Source.cpp(364,25): warning C4305: 'argument': truncation from 'double' to 'GLfloat'
C:\Users\Kamil\source\repos\graphics-cw2\Assignment2_Textures\Source.cpp(365,25): warning C4305: 'argument': truncation from 'double' to 'GLfloat'
C:\Users\Kamil\source\repos\graphics-cw2\Assignment2_Textures\Source.cpp(366,25): warning C4305: 'argument': truncation from 'double' to 'GLfloat'
C:\Users\Kamil\source\repos\graphics-cw2\Assignment2_Textures\Source.cpp(369,25): warning C4305: 'argument': truncation from 'double' to 'GLfloat'
C:\Users\Kamil\source\repos\graphics-cw2\Assignment2_Textures\Source.cpp(370,25): warning C4305: 'argument': truncation from 'double' to 'GLfloat'
C:\Users\Kamil\source\repos\graphics-cw2\Assignment2_Textures\Source.cpp(371,25): warning C4305: 'argument': truncation from 'double' to 'GLfloat'
C:\Users\Kamil\source\repos\graphics-cw2\Assignment2_Textures\Source.cpp(373,25): warning C4305: 'argument': truncation from 'double' to 'GLfloat'
C:\Users\Kamil\source\repos\graphics-cw2\Assignment2_Textures\Source.cpp(374,25): warning C4305: 'argument': truncation from 'double' to 'GLfloat'
C:\Users\Kamil\source\repos\graphics-cw2\Assignment2_Textures\Source.cpp(375,25): warning C4305: 'argument': truncation from 'double' to 'GLfloat'
C:\Users\Kamil\source\repos\graphics-cw2\Assignment2_Textures\Source.cpp(383,25): warning C4305: 'argument': truncation from 'double' to 'GLfloat'
C:\Users\Kamil\source\repos\graphics-cw2\Assignment2_Textures\Source.cpp(384,25): warning C4305: 'argument': truncation from 'double' to 'GLfloat'
C:\Users\Kamil\source\repos\graphics-cw2\Assignment2_Textures\Source.cpp(385,25): warning C4305: 'argument': truncation from 'double' to 'GLfloat'
C:\Users\Kamil\source\repos\graphics-cw2\Assignment2_Textures\Source.cpp(387,25): warning C4305: 'argument': truncation from 'double' to 'GLfloat'
C:\Users\Kamil\source\repos\graphics-cw2\Assignment2_Textures\Source.cpp(388,25): warning C4305: 'argument': truncation from 'double' to 'GLfloat'
C:\Users\Kamil\source\repos\graphics-cw2\Assignment2_Textures\Source.cpp(389,25): warning C4305: 'argument': truncation from 'double' to 'GLfloat'
C:\Users\Kamil\source\repos\graphics-cw2\Assignment2_Textures\Source.cpp(392,25): warning C4305: 'argument': truncation from 'double' to 'GLfloat'
C:\Users\Kamil\source\repos\graphics-cw2\Assignment2_Textures\Source.cpp(393,25): warning C4305: 'argument': truncation from 'double' to 'GLfloat'
C:\Users\Kamil\source\repos\graphics-cw2\Assignment2_Textures\Source.cpp(394,25): warning C4305: 'argument': truncation from 'double' to 'GLfloat'
C:\Users\Kamil\source\repos\graphics-cw2\Assignment2_Textures\Source.cpp(396,25): warning C4305: 'argument': truncation from 'double' to 'GLfloat'
C:\Users\Kamil\source\repos\graphics-cw2\Assignment2_Textures\Source.cpp(397,25): warning C4305: 'argument': truncation from 'double' to 'GLfloat'
C:\Users\Kamil\source\repos\graphics-cw2\Assignment2_Textures\Source.cpp(398,25): warning C4305: 'argument': truncation from 'double' to 'GLfloat'
C:\Users\Kamil\source\repos\graphics-cw2\Assignment2_Textures\Source.cpp(401,25): warning C4305: 'argument': truncation from 'double' to 'GLfloat'
C:\Users\Kamil\source\repos\graphics-cw2\Assignment2_Textures\Source.cpp(402,25): warning C4305: 'argument': truncation from 'double' to 'GLfloat'
C:\Users\Kamil\source\repos\graphics-cw2\Assignment2_Textures\Source.cpp(403,25): warning C4305: 'argument': truncation from 'double' to 'GLfloat'
C:\Users\Kamil\source\repos\graphics-cw2\Assignment2_Textures\Source.cpp(405,25): warning C4305: 'argument': truncation from 'double' to 'GLfloat'
C:\Users\Kamil\source\repos\graphics-cw2\Assignment2_Textures\Source.cpp(406,25): warning C4305: 'argument': truncation from 'double' to 'GLfloat'
C:\Users\Kamil\source\repos\graphics-cw2\Assignment2_Textures\Source.cpp(407,25): warning C4305: 'argument': truncation from 'double' to 'GLfloat'
C:\Users\Kamil\source\repos\graphics-cw2\Assignment2_Textures\Source.cpp(410,25): warning C4305: 'argument': truncation from 'double' to 'GLfloat'
C:\Users\Kamil\source\repos\graphics-cw2\Assignment2_Textures\Source.cpp(411,25): warning C4305: 'argument': truncation from 'double' to 'GLfloat'
C:\Users\Kamil\source\repos\graphics-cw2\Assignment2_Textures\Source.cpp(412,25): warning C4305: 'argument': truncation from 'double' to 'GLfloat'
C:\Users\Kamil\source\repos\graphics-cw2\Assignment2_Textures\Source.cpp(414,25): warning C4305: 'argument': truncation from 'double' to 'GLfloat'
C:\Users\Kamil\source\repos\graphics-cw2\Assignment2_Textures\Source.cpp(415,25): warning C4305: 'argument': truncation from 'double' to 'GLfloat'
C:\Users\Kamil\source\repos\graphics-cw2\Assignment2_Textures\Source.cpp(416,25): warning C4305: 'argument': truncation from 'double' to 'GLfloat'
C:\Users\Kamil\source\repos\graphics-cw2\Assignment2_Textures\Source.cpp(419,25): warning C4305: 'argument': truncation from 'double' to 'GLfloat'
C:\Users\Kamil\source\repos\graphics-cw2\Assignment2_Textures\Source.cpp(420,25): warning C4305: 'argument': truncation from 'double' to 'GLfloat'
C:\Users\Kamil\source\repos\graphics-cw2\Assignment2_Textures\Source.cpp(421,25): warning C4305: 'argument': truncation from 'double' to 'GLfloat'
C:\Users\Kamil\source\repos\graphics-cw2\Assignment2_Textures\Source.cpp(423,25): warning C4305: 'argument': truncation from 'double' to 'GLfloat'
C:\Users\Kamil\source\repos\graphics-cw2\Assignment2_Textures\Source.cpp(424,25): warning C4305: 'argument': truncation from 'double' to 'GLfloat'
C:\Users\Kamil\source\repos\graphics-cw2\Assignment2_Textures\Source.cpp(425,25): warning C4305: 'argument': truncation from 'double' to 'GLfloat'
C:\Users\Kamil\source\repos\graphics-cw2\Assignment2_Textures\Source.cpp(428,25): warning C4305: 'argument': truncation from 'double' to 'GLfloat'
C:\Users\Kamil\source\repos\graphics-cw2\Assignment2_Textures\Source.cpp(429,25): warning C4305: 'argument': truncation from 'double' to 'GLfloat'
C:\Users\Kamil\source\repos\graphics-cw2\Assignment2_Textures\Source.cpp(430,25): warning C4305: 'argument': truncation from 'double' to 'GLfloat'
C:\Users\Kamil\source\repos\graphics-cw2\Assignment2_Textures\Source.cpp(432,25): warning C4305: 'argument': truncation from 'double' to 'GLfloat'
C:\Users\Kamil\source\repos\graphics-cw2\Assignment2_Textures\Source.cpp(433,25): warning C4305: 'argument': truncation from 'double' to 'GLfloat'
C:\Users\Kamil\source\repos\graphics-cw2\Assignment2_Textures\Source.cpp(434,25): warning C4305: 'argument': truncation from 'double' to 'GLfloat'
C:\Users\Kamil\source\repos\graphics-cw2\Assignment2_Textures\Source.cpp(442,25): warning C4305: 'argument': truncation from 'double' to 'GLfloat'
C:\Users\Kamil\source\repos\graphics-cw2\Assignment2_Textures\Source.cpp(443,25): warning C4305: 'argument': truncation from 'double' to 'GLfloat'
C:\Users\Kamil\source\repos\graphics-cw2\Assignment2_Textures\Source.cpp(444,25): warning C4305: 'argument': truncation from 'double' to 'GLfloat'
C:\Users\Kamil\source\repos\graphics-cw2\Assignment2_Textures\Source.cpp(446,25): warning C4305: 'argument': truncation from 'double' to 'GLfloat'
C:\Users\Kamil\source\repos\graphics-cw2\Assignment2_Textures\Source.cpp(447,25): warning C4305: 'argument': truncation from 'double' to 'GLfloat'
C:\Users\Kamil\source\repos\graphics-cw2\Assignment2_Textures\Source.cpp(448,25): warning C4305: 'argument': truncation from 'double' to 'GLfloat'
C:\Users\Kamil\source\repos\graphics-cw2\Assignment2_Textures\Source.cpp(451,25): warning C4305: 'argument': truncation from 'double' to 'GLfloat'
C:\Users\Kamil\source\repos\graphics-cw2\Assignment2_Textures\Source.cpp(452,25): warning C4305: 'argument': truncation from 'double' to 'GLfloat'
C:\Users\Kamil\source\repos\graphics-cw2\Assignment2_Textures\Source.cpp(453,25): warning C4305: 'argument': truncation from 'double' to 'GLfloat'
C:\Users\Kamil\source\repos\graphics-cw2\Assignment2_Textures\Source.cpp(455,25): warning C4305: 'argument': truncation from 'double' to 'GLfloat'
C:\Users\Kamil\source\repos\graphics-cw2\Assignment2_Textures\Source.cpp(456,25): warning C4305: 'argument': truncation from 'double' to 'GLfloat'
C:\Users\Kamil\source\repos\graphics-cw2\Assignment2_Textures\Source.cpp(457,25): warning C4305: 'argument': truncation from 'double' to 'GLfloat'
C:\Users\Kamil\source\repos\graphics-cw2\Assignment2_Textures\Source.cpp(460,25): warning C4305: 'argument': truncation from 'double' to 'GLfloat'
C:\Users\Kamil\source\repos\graphics-cw2\Assignment2_Textures\Source.cpp(461,25): warning C4305: 'argument': truncation from 'double' to 'GLfloat'
C:\Users\Kamil\source\repos\graphics-cw2\Assignment2_Textures\Source.cpp(462,25): warning C4305: 'argument': truncation from 'double' to 'GLfloat'
C:\Users\Kamil\source\repos\graphics-cw2\Assignment2_Textures\Source.cpp(464,25): warning C4305: 'argument': truncation from 'double' to 'GLfloat'
C:\Users\Kamil\source\repos\graphics-cw2\Assignment2_Textures\Source.cpp(465,25): warning C4305: 'argument': truncation from 'double' to 'GLfloat'
C:\Users\Kamil\source\repos\graphics-cw2\Assignment2_Textures\Source.cpp(466,25): warning C4305: 'argument': truncation from 'double' to 'GLfloat'
C:\Users\Kamil\source\repos\graphics-cw2\Assignment2_Textures\Source.cpp(469,25): warning C4305: 'argument': truncation from 'double' to 'GLfloat'
C:\Users\Kamil\source\repos\graphics-cw2\Assignment2_Textures\Source.cpp(470,25): warning C4305: 'argument': truncation from 'double' to 'GLfloat'
C:\Users\Kamil\source\repos\graphics-cw2\Assignment2_Textures\Source.cpp(471,25): warning C4305: 'argument': truncation from 'double' to 'GLfloat'
C:\Users\Kamil\source\repos\graphics-cw2\Assignment2_Textures\Source.cpp(473,25): warning C4305: 'argument': truncation from 'double' to 'GLfloat'
C:\Users\Kamil\source\repos\graphics-cw2\Assignment2_Textures\Source.cpp(474,25): warning C4305: 'argument': truncation from 'double' to 'GLfloat'
C:\Users\Kamil\source\repos\graphics-cw2\Assignment2_Textures\Source.cpp(475,25): warning C4305: 'argument': truncation from 'double' to 'GLfloat'
C:\Users\Kamil\source\repos\graphics-cw2\Assignment2_Textures\Source.cpp(478,25): warning C4305: 'argument': truncation from 'double' to 'GLfloat'
C:\Users\Kamil\source\repos\graphics-cw2\Assignment2_Textures\Source.cpp(479,25): warning C4305: 'argument': truncation from 'double' to 'GLfloat'
C:\Users\Kamil\source\repos\graphics-cw2\Assignment2_Textures\Source.cpp(480,25): warning C4305: 'argument': truncation from 'double' to 'GLfloat'
C:\Users\Kamil\source\repos\graphics-cw2\Assignment2_Textures\Source.cpp(482,25): warning C4305: 'argument': truncation from 'double' to 'GLfloat'
C:\Users\Kamil\source\repos\graphics-cw2\Assignment2_Textures\Source.cpp(483,25): warning C4305: 'argument': truncation from 'double' to 'GLfloat'
C:\Users\Kamil\source\repos\graphics-cw2\Assignment2_Textures\Source.cpp(484,25): warning C4305: 'argument': truncation from 'double' to 'GLfloat'
C:\Users\Kamil\source\repos\graphics-cw2\Assignment2_Textures\Source.cpp(487,25): warning C4305: 'argument': truncation from 'double' to 'GLfloat'
C:\Users\Kamil\source\repos\graphics-cw2\Assignment2_Textures\Source.cpp(488,25): warning C4305: 'argument': truncation from 'double' to 'GLfloat'
C:\Users\Kamil\source\repos\graphics-cw2\Assignment2_Textures\Source.cpp(489,25): warning C4305: 'argument': truncation from 'double' to 'GLfloat'
C:\Users\Kamil\source\repos\graphics-cw2\Assignment2_Textures\Source.cpp(491,25): warning C4305: 'argument': truncation from 'double' to 'GLfloat'
C:\Users\Kamil\source\repos\graphics-cw2\Assignment2_Textures\Source.cpp(492,25): warning C4305: 'argument': truncation from 'double' to 'GLfloat'
C:\Users\Kamil\source\repos\graphics-cw2\Assignment2_Textures\Source.cpp(493,25): warning C4305: 'argument': truncation from 'double' to 'GLfloat'
C:\Users\Kamil\source\repos\graphics-cw2\Assignment2_Textures\Source.cpp(516,11): warning C4244: 'initializing': conversion from 'double' to 'int', possible loss of data
  Assignment2_Textures.vcxproj -> C:\Users\Kamil\Source\Repos\graphics-cw2\Assignment2_Textures\Debug\Assignment2_Textures.exe
